Arguments: 
  C:\Program Files\nodejs\node.exe C:\Users\vrkny\AppData\Roaming\npm\node_modules\yarn\bin\yarn.js build

PATH: 
  C:\Users\vrkny\bin;C:\Program Files\Git\mingw64\bin;C:\Program Files\Git\usr\local\bin;C:\Program Files\Git\usr\bin;C:\Program Files\Git\usr\bin;C:\Program Files\Git\mingw64\bin;C:\Program Files\Git\usr\bin;C:\Users\vrkny\bin;C:\Program Files\Oculus\Support\oculus-runtime;C:\Program Files (x86)\Intel\iCLS Client;C:\Program Files\Intel\iCLS Client;C:\Windows\system32;C:\Windows;C:\Windows\System32\Wbem;C:\Windows\System32\WindowsPowerShell\v1.0;C:\Program Files (x86)\Intel\Intel(R) Management Engine Components\DAL;C:\Program Files\Intel\Intel(R) Management Engine Components\DAL;C:\Program Files (x86)\Intel\Intel(R) Management Engine Components\IPT;C:\Program Files\Intel\Intel(R) Management Engine Components\IPT;C:\Program Files (x86)\NVIDIA Corporation\PhysX\Common;C:\WINDOWS\system32;C:\WINDOWS;C:\WINDOWS\System32\Wbem;C:\WINDOWS\System32\WindowsPowerShell\v1.0;C:\Program Files\Git\cmd;C:\Program Files\nodejs;C:\Program Files (x86)\GtkSharp\2.12\bin;C:\Program Files\MongoDB\Server\3.6\bin;C:\Users\vrkny\AppData\Local\Microsoft\WindowsApps;C:\Program Files\Microsoft VS Code\bin;C:\Program Files\Heroku\bin;C:\Users\vrkny\AppData\Roaming\npm;C:\Program Files\Git\usr\bin\vendor_perl;C:\Program Files\Git\usr\bin\core_perl

Yarn version: 
  1.5.1

Node version: 
  9.5.0

Platform: 
  win32 x64

npm manifest: 
  {
      "name": "server",
      "version": "1.0.0",
      "description": "",
      "main": "server.js",
      "scripts": {
          "client": "cd client && npm start",
          "server": "cd server && npm start",
          "start": "concurrently \"npm run server\" \"npm run client\"",
          "test": "echo \"Error: no test specified\" && exit 1",
          "installDeps": "yarn && cd client && yarn"
      },
      "author": "",
      "license": "ISC",
      "devDependencies": {
          "concurrently": "^3.5.0",
          "nodemon": "^1.11.0"
      },
      "dependencies": {
          "express": "^4.15.4",
          "mongoose": "^4.11.7",
          "socket.io": "^2.1.0"
      }
  }

yarn manifest: 
  No manifest

Lockfile: 
  No lockfile

Trace: 
  Error: Command "build" not found.
      at new MessageError (C:\Users\vrkny\AppData\Roaming\npm\node_modules\yarn\lib\cli.js:186:110)
      at C:\Users\vrkny\AppData\Roaming\npm\node_modules\yarn\lib\cli.js:87307:17
      at Generator.next (<anonymous>)
      at step (C:\Users\vrkny\AppData\Roaming\npm\node_modules\yarn\lib\cli.js:98:30)
      at C:\Users\vrkny\AppData\Roaming\npm\node_modules\yarn\lib\cli.js:116:14
      at new Promise (<anonymous>)
      at new F (C:\Users\vrkny\AppData\Roaming\npm\node_modules\yarn\lib\cli.js:23451:28)
      at C:\Users\vrkny\AppData\Roaming\npm\node_modules\yarn\lib\cli.js:95:12
      at runCommand (C:\Users\vrkny\AppData\Roaming\npm\node_modules\yarn\lib\cli.js:87312:22)
      at Object.<anonymous> (C:\Users\vrkny\AppData\Roaming\npm\node_modules\yarn\lib\cli.js:87412:14)
